<?xml version="1.0" encoding="UTF-8"?>
<testsuite name="duke.tasks.TaskTest" tests="1" skipped="0" failures="0" errors="0" timestamp="2022-09-04T16:45:14" hostname="LAPTOP-Q59MTK9C" time="0.026">
  <properties/>
  <testcase name="markDone()" classname="duke.tasks.TaskTest" time="0.026"/>
  <system-out><![CDATA[]]></system-out>
  <system-err><![CDATA[]]></system-err>
</testsuite>
